<?xml version="1.0" encoding="UTF-8"?>
<!-- Generated by org.testng.reporters.JUnitXMLReporter -->
<testsuite ignored="0" hostname="Logueswar" failures="0" tests="2" name="Login Scenario Test" time="13.322" errors="0" timestamp="2025-08-24T11:48:53 IST">
  <testcase classname="testCases.TC01_SuccessfulLogin" name="verify_successful_login" time="0.877"/>
  <testcase classname="testCases.TC02_UnsuccessfulLogin" name="verify_unsuccessful_login" time="0.591"/>
</testsuite> <!-- Login Scenario Test -->
